

Version:	3.50
CmdLine:	C:\Users\damia\Desktop\snake\Snake.exe --l4j-debug
JNI:		No
WOW64:		Yes
Working dir:	C:\Users\damia\Desktop\snake\.
Requires JDK:	No
Requires 64-Bit: No
Java min ver:	
Java max ver:	
Substitute:	JAVA_HOME = 
Substitute:	PATH = C:\Program Files\Common Files\Oracle\Java\javapath;C:\Program Files (x86)\Common Files\Oracle\Java\javapath;C:\Program Files (x86)\Common Files\Intel\Shared Libraries\redist\intel64_win\compiler;C:\WINDOWS\system32;C:\WINDOWS;C:\WINDOWS\System32\Wbem;C:\WINDOWS\System32\WindowsPowerShell\v1.0\;C:\WINDOWS\System32\OpenSSH\;C:\Program Files\dotnet\;C:\Program Files\Cryptowatch Desktop\;C:\Program Files\nodejs\;C:\Program Files (x86)\Touch Portal\plugins\adb\platform-tools;C:\cygwin64\bin;C:\Program Files\Git\cmd;C:\Users\damia\.config\herd\bin\nvm;C:\Program Files\nodejs;C:\Users\damia\.config\herd\bin;C:\Users\damia\AppData\Local\Microsoft\WindowsApps;C:\msys64\mingw64\bin;C:\Users\damia\AppData\Roaming\npm;C:\Users\damia\AppData\Local\Programs\Microsoft VS Code\bin;C:\cygwin64\bin;C:\Program Files\JetBrains\PhpStorm 2024.1.2\bin;;C:\Program Files\Java\jdk-21\bin;;C:\Program Files\Java\jdk-21\bin
JRE paths:	;C:\Program Files\Common Files\Oracle\Java\javapath;C:\Program Files (x86)\Common Files\Oracle\Java\javapath;C:\Program Files (x86)\Common Files\Intel\Shared Libraries\redist\intel64_win\compiler;C:\WINDOWS\system32;C:\WINDOWS;C:\WINDOWS\System32\Wbem;C:\WINDOWS\System32\WindowsPowerShell\v1.0\;C:\WINDOWS\System32\OpenSSH\;C:\Program Files\dotnet\;C:\Program Files\Cryptowatch Desktop\;C:\Program Files\nodejs\;C:\Program Files (x86)\Touch Portal\plugins\adb\platform-tools;C:\cygwin64\bin;C:\Program Files\Git\cmd;C:\Users\damia\.config\herd\bin\nvm;C:\Program Files\nodejs;C:\Users\damia\.config\herd\bin;C:\Users\damia\AppData\Local\Microsoft\WindowsApps;C:\msys64\mingw64\bin;C:\Users\damia\AppData\Roaming\npm;C:\Users\damia\AppData\Local\Programs\Microsoft VS Code\bin;C:\cygwin64\bin;C:\Program Files\JetBrains\PhpStorm 2024.1.2\bin;;C:\Program Files\Java\jdk-21\bin;;C:\Program Files\Java\jdk-21\bin
Check launcher:	C:\Program Files\Common Files\Oracle\Java\javapath\bin\javaw.exe (not found)
Check launcher:	C:\Program Files (x86)\Common Files\Oracle\Java\javapath\bin\javaw.exe (not found)
Check launcher:	C:\Program Files (x86)\Common Files\Intel\Shared Libraries\redist\intel64_win\compiler\bin\javaw.exe (not found)
Check launcher:	C:\WINDOWS\system32\bin\javaw.exe (not found)
Check launcher:	C:\WINDOWS\bin\javaw.exe (not found)
Check launcher:	C:\WINDOWS\System32\Wbem\bin\javaw.exe (not found)
Check launcher:	C:\WINDOWS\System32\WindowsPowerShell\v1.0\bin\javaw.exe (not found)
Check launcher:	C:\WINDOWS\System32\OpenSSH\bin\javaw.exe (not found)
Check launcher:	C:\Program Files\dotnet\bin\javaw.exe (not found)
Check launcher:	C:\Program Files\Cryptowatch Desktop\bin\javaw.exe (not found)
Check launcher:	C:\Program Files\nodejs\bin\javaw.exe (not found)
Check launcher:	C:\Program Files (x86)\Touch Portal\plugins\adb\platform-tools\bin\javaw.exe (not found)
Check launcher:	C:\cygwin64\bin\javaw.exe (not found)
Check launcher:	C:\Program Files\Git\cmd\bin\javaw.exe (not found)
Check launcher:	C:\Users\damia\.config\herd\bin\nvm\bin\javaw.exe (not found)
Check launcher:	C:\Program Files\nodejs\bin\javaw.exe (not found)
Check launcher:	C:\Users\damia\.config\herd\bin\javaw.exe (not found)
Check launcher:	C:\Users\damia\AppData\Local\Microsoft\WindowsApps\bin\javaw.exe (not found)
Check launcher:	C:\msys64\mingw64\bin\javaw.exe (not found)
Check launcher:	C:\Users\damia\AppData\Roaming\npm\bin\javaw.exe (not found)
Check launcher:	C:\Users\damia\AppData\Local\Programs\Microsoft VS Code\bin\javaw.exe (not found)
Check launcher:	C:\cygwin64\bin\javaw.exe (not found)
Check launcher:	C:\Program Files\JetBrains\PhpStorm 2024.1.2\bin\javaw.exe (not found)
Check launcher:	C:\Program Files\Java\jdk-21\bin\javaw.exe (OK)
Version string: 1.021.000_001 / 64-Bit (OK)
Launcher:	C:\Program Files\Java\jdk-21\bin\javaw.exe
Launcher args:	-jar "C:\Users\damia\Desktop\snake\Snake.exe"
Args length:	45/32768 chars
Exit code:	0


Version:	3.50
CmdLine:	C:\Users\damia\Desktop\snake\Snake.exe --l4j-debug
JNI:		No
WOW64:		Yes
Working dir:	C:\Users\damia\Desktop\snake\.
Requires JDK:	No
Requires 64-Bit: No
Java min ver:	
Java max ver:	
Substitute:	JAVA_HOME = 
Substitute:	PATH = C:\Program Files\Common Files\Oracle\Java\javapath;C:\Program Files (x86)\Common Files\Oracle\Java\javapath;C:\Program Files (x86)\Common Files\Intel\Shared Libraries\redist\intel64_win\compiler;C:\WINDOWS\system32;C:\WINDOWS;C:\WINDOWS\System32\Wbem;C:\WINDOWS\System32\WindowsPowerShell\v1.0\;C:\WINDOWS\System32\OpenSSH\;C:\Program Files\dotnet\;C:\Program Files\Cryptowatch Desktop\;C:\Program Files\nodejs\;C:\Program Files (x86)\Touch Portal\plugins\adb\platform-tools;C:\cygwin64\bin;C:\Program Files\Git\cmd;C:\Users\damia\.config\herd\bin\nvm;C:\Program Files\nodejs;C:\Users\damia\.config\herd\bin;C:\Users\damia\AppData\Local\Microsoft\WindowsApps;C:\msys64\mingw64\bin;C:\Users\damia\AppData\Roaming\npm;C:\Users\damia\AppData\Local\Programs\Microsoft VS Code\bin;C:\cygwin64\bin;C:\Program Files\JetBrains\PhpStorm 2024.1.2\bin;;C:\Program Files\Java\jdk-21\bin;;C:\Program Files\Java\jdk-21\bin
JRE paths:	;C:\Program Files\Common Files\Oracle\Java\javapath;C:\Program Files (x86)\Common Files\Oracle\Java\javapath;C:\Program Files (x86)\Common Files\Intel\Shared Libraries\redist\intel64_win\compiler;C:\WINDOWS\system32;C:\WINDOWS;C:\WINDOWS\System32\Wbem;C:\WINDOWS\System32\WindowsPowerShell\v1.0\;C:\WINDOWS\System32\OpenSSH\;C:\Program Files\dotnet\;C:\Program Files\Cryptowatch Desktop\;C:\Program Files\nodejs\;C:\Program Files (x86)\Touch Portal\plugins\adb\platform-tools;C:\cygwin64\bin;C:\Program Files\Git\cmd;C:\Users\damia\.config\herd\bin\nvm;C:\Program Files\nodejs;C:\Users\damia\.config\herd\bin;C:\Users\damia\AppData\Local\Microsoft\WindowsApps;C:\msys64\mingw64\bin;C:\Users\damia\AppData\Roaming\npm;C:\Users\damia\AppData\Local\Programs\Microsoft VS Code\bin;C:\cygwin64\bin;C:\Program Files\JetBrains\PhpStorm 2024.1.2\bin;;C:\Program Files\Java\jdk-21\bin;;C:\Program Files\Java\jdk-21\bin
Check launcher:	C:\Program Files\Common Files\Oracle\Java\javapath\bin\javaw.exe (not found)
Check launcher:	C:\Program Files (x86)\Common Files\Oracle\Java\javapath\bin\javaw.exe (not found)
Check launcher:	C:\Program Files (x86)\Common Files\Intel\Shared Libraries\redist\intel64_win\compiler\bin\javaw.exe (not found)
Check launcher:	C:\WINDOWS\system32\bin\javaw.exe (not found)
Check launcher:	C:\WINDOWS\bin\javaw.exe (not found)
Check launcher:	C:\WINDOWS\System32\Wbem\bin\javaw.exe (not found)
Check launcher:	C:\WINDOWS\System32\WindowsPowerShell\v1.0\bin\javaw.exe (not found)
Check launcher:	C:\WINDOWS\System32\OpenSSH\bin\javaw.exe (not found)
Check launcher:	C:\Program Files\dotnet\bin\javaw.exe (not found)
Check launcher:	C:\Program Files\Cryptowatch Desktop\bin\javaw.exe (not found)
Check launcher:	C:\Program Files\nodejs\bin\javaw.exe (not found)
Check launcher:	C:\Program Files (x86)\Touch Portal\plugins\adb\platform-tools\bin\javaw.exe (not found)
Check launcher:	C:\cygwin64\bin\javaw.exe (not found)
Check launcher:	C:\Program Files\Git\cmd\bin\javaw.exe (not found)
Check launcher:	C:\Users\damia\.config\herd\bin\nvm\bin\javaw.exe (not found)
Check launcher:	C:\Program Files\nodejs\bin\javaw.exe (not found)
Check launcher:	C:\Users\damia\.config\herd\bin\javaw.exe (not found)
Check launcher:	C:\Users\damia\AppData\Local\Microsoft\WindowsApps\bin\javaw.exe (not found)
Check launcher:	C:\msys64\mingw64\bin\javaw.exe (not found)
Check launcher:	C:\Users\damia\AppData\Roaming\npm\bin\javaw.exe (not found)
Check launcher:	C:\Users\damia\AppData\Local\Programs\Microsoft VS Code\bin\javaw.exe (not found)
Check launcher:	C:\cygwin64\bin\javaw.exe (not found)
Check launcher:	C:\Program Files\JetBrains\PhpStorm 2024.1.2\bin\javaw.exe (not found)
Check launcher:	C:\Program Files\Java\jdk-21\bin\javaw.exe (OK)
Version string: 1.021.000_001 / 64-Bit (OK)
Launcher:	C:\Program Files\Java\jdk-21\bin\javaw.exe
Launcher args:	-jar "C:\Users\damia\Desktop\snake\Snake.exe"
Args length:	45/32768 chars
Exit code:	0


Version:	3.50
CmdLine:	C:\Users\damia\Desktop\snake\Snake.exe --l4j-debug
JNI:		No
WOW64:		Yes
Working dir:	C:\Users\damia\Desktop\snake\.
Requires JDK:	No
Requires 64-Bit: No
Java min ver:	
Java max ver:	
Substitute:	JAVA_HOME = 
Substitute:	PATH = C:\Program Files\Common Files\Oracle\Java\javapath;C:\Program Files (x86)\Common Files\Oracle\Java\javapath;C:\Program Files (x86)\Common Files\Intel\Shared Libraries\redist\intel64_win\compiler;C:\WINDOWS\system32;C:\WINDOWS;C:\WINDOWS\System32\Wbem;C:\WINDOWS\System32\WindowsPowerShell\v1.0\;C:\WINDOWS\System32\OpenSSH\;C:\Program Files\dotnet\;C:\Program Files\Cryptowatch Desktop\;C:\Program Files\nodejs\;C:\Program Files (x86)\Touch Portal\plugins\adb\platform-tools;C:\cygwin64\bin;C:\Program Files\Git\cmd;C:\Users\damia\.config\herd\bin\nvm;C:\Program Files\nodejs;C:\Users\damia\.config\herd\bin;C:\Users\damia\AppData\Local\Microsoft\WindowsApps;C:\msys64\mingw64\bin;C:\Users\damia\AppData\Roaming\npm;C:\Users\damia\AppData\Local\Programs\Microsoft VS Code\bin;C:\cygwin64\bin;C:\Program Files\JetBrains\PhpStorm 2024.1.2\bin;;C:\Program Files\Java\jdk-21\bin;;C:\Program Files\Java\jdk-21\bin
JRE paths:	;C:\Program Files\Common Files\Oracle\Java\javapath;C:\Program Files (x86)\Common Files\Oracle\Java\javapath;C:\Program Files (x86)\Common Files\Intel\Shared Libraries\redist\intel64_win\compiler;C:\WINDOWS\system32;C:\WINDOWS;C:\WINDOWS\System32\Wbem;C:\WINDOWS\System32\WindowsPowerShell\v1.0\;C:\WINDOWS\System32\OpenSSH\;C:\Program Files\dotnet\;C:\Program Files\Cryptowatch Desktop\;C:\Program Files\nodejs\;C:\Program Files (x86)\Touch Portal\plugins\adb\platform-tools;C:\cygwin64\bin;C:\Program Files\Git\cmd;C:\Users\damia\.config\herd\bin\nvm;C:\Program Files\nodejs;C:\Users\damia\.config\herd\bin;C:\Users\damia\AppData\Local\Microsoft\WindowsApps;C:\msys64\mingw64\bin;C:\Users\damia\AppData\Roaming\npm;C:\Users\damia\AppData\Local\Programs\Microsoft VS Code\bin;C:\cygwin64\bin;C:\Program Files\JetBrains\PhpStorm 2024.1.2\bin;;C:\Program Files\Java\jdk-21\bin;;C:\Program Files\Java\jdk-21\bin
Check launcher:	C:\Program Files\Common Files\Oracle\Java\javapath\bin\javaw.exe (not found)
Check launcher:	C:\Program Files (x86)\Common Files\Oracle\Java\javapath\bin\javaw.exe (not found)
Check launcher:	C:\Program Files (x86)\Common Files\Intel\Shared Libraries\redist\intel64_win\compiler\bin\javaw.exe (not found)
Check launcher:	C:\WINDOWS\system32\bin\javaw.exe (not found)
Check launcher:	C:\WINDOWS\bin\javaw.exe (not found)
Check launcher:	C:\WINDOWS\System32\Wbem\bin\javaw.exe (not found)
Check launcher:	C:\WINDOWS\System32\WindowsPowerShell\v1.0\bin\javaw.exe (not found)
Check launcher:	C:\WINDOWS\System32\OpenSSH\bin\javaw.exe (not found)
Check launcher:	C:\Program Files\dotnet\bin\javaw.exe (not found)
Check launcher:	C:\Program Files\Cryptowatch Desktop\bin\javaw.exe (not found)
Check launcher:	C:\Program Files\nodejs\bin\javaw.exe (not found)
Check launcher:	C:\Program Files (x86)\Touch Portal\plugins\adb\platform-tools\bin\javaw.exe (not found)
Check launcher:	C:\cygwin64\bin\javaw.exe (not found)
Check launcher:	C:\Program Files\Git\cmd\bin\javaw.exe (not found)
Check launcher:	C:\Users\damia\.config\herd\bin\nvm\bin\javaw.exe (not found)
Check launcher:	C:\Program Files\nodejs\bin\javaw.exe (not found)
Check launcher:	C:\Users\damia\.config\herd\bin\javaw.exe (not found)
Check launcher:	C:\Users\damia\AppData\Local\Microsoft\WindowsApps\bin\javaw.exe (not found)
Check launcher:	C:\msys64\mingw64\bin\javaw.exe (not found)
Check launcher:	C:\Users\damia\AppData\Roaming\npm\bin\javaw.exe (not found)
Check launcher:	C:\Users\damia\AppData\Local\Programs\Microsoft VS Code\bin\javaw.exe (not found)
Check launcher:	C:\cygwin64\bin\javaw.exe (not found)
Check launcher:	C:\Program Files\JetBrains\PhpStorm 2024.1.2\bin\javaw.exe (not found)
Check launcher:	C:\Program Files\Java\jdk-21\bin\javaw.exe (OK)
Version string: 1.021.000_001 / 64-Bit (OK)
Launcher:	C:\Program Files\Java\jdk-21\bin\javaw.exe
Launcher args:	-jar "C:\Users\damia\Desktop\snake\Snake.exe"
Args length:	45/32768 chars
Exit code:	0


Version:	3.50
CmdLine:	C:\Users\damia\Desktop\snake\Snake.exe --l4j-debug
JNI:		No
WOW64:		Yes
Working dir:	C:\Users\damia\Desktop\snake\.
Requires JDK:	No
Requires 64-Bit: No
Java min ver:	
Java max ver:	
Substitute:	JAVA_HOME = 
Substitute:	PATH = C:\Program Files\Common Files\Oracle\Java\javapath;C:\Program Files (x86)\Common Files\Oracle\Java\javapath;C:\Program Files (x86)\Common Files\Intel\Shared Libraries\redist\intel64_win\compiler;C:\WINDOWS\system32;C:\WINDOWS;C:\WINDOWS\System32\Wbem;C:\WINDOWS\System32\WindowsPowerShell\v1.0\;C:\WINDOWS\System32\OpenSSH\;C:\Program Files\dotnet\;C:\Program Files\Cryptowatch Desktop\;C:\Program Files\nodejs\;C:\Program Files (x86)\Touch Portal\plugins\adb\platform-tools;C:\cygwin64\bin;C:\Program Files\Git\cmd;C:\Users\damia\.config\herd\bin\nvm;C:\Program Files\nodejs;C:\Users\damia\.config\herd\bin;C:\Users\damia\AppData\Local\Microsoft\WindowsApps;C:\msys64\mingw64\bin;C:\Users\damia\AppData\Roaming\npm;C:\Users\damia\AppData\Local\Programs\Microsoft VS Code\bin;C:\cygwin64\bin;C:\Program Files\JetBrains\PhpStorm 2024.1.2\bin;;C:\Program Files\Java\jdk-21\bin;;C:\Program Files\Java\jdk-21\bin
JRE paths:	;C:\Program Files\Common Files\Oracle\Java\javapath;C:\Program Files (x86)\Common Files\Oracle\Java\javapath;C:\Program Files (x86)\Common Files\Intel\Shared Libraries\redist\intel64_win\compiler;C:\WINDOWS\system32;C:\WINDOWS;C:\WINDOWS\System32\Wbem;C:\WINDOWS\System32\WindowsPowerShell\v1.0\;C:\WINDOWS\System32\OpenSSH\;C:\Program Files\dotnet\;C:\Program Files\Cryptowatch Desktop\;C:\Program Files\nodejs\;C:\Program Files (x86)\Touch Portal\plugins\adb\platform-tools;C:\cygwin64\bin;C:\Program Files\Git\cmd;C:\Users\damia\.config\herd\bin\nvm;C:\Program Files\nodejs;C:\Users\damia\.config\herd\bin;C:\Users\damia\AppData\Local\Microsoft\WindowsApps;C:\msys64\mingw64\bin;C:\Users\damia\AppData\Roaming\npm;C:\Users\damia\AppData\Local\Programs\Microsoft VS Code\bin;C:\cygwin64\bin;C:\Program Files\JetBrains\PhpStorm 2024.1.2\bin;;C:\Program Files\Java\jdk-21\bin;;C:\Program Files\Java\jdk-21\bin
Check launcher:	C:\Program Files\Common Files\Oracle\Java\javapath\bin\javaw.exe (not found)
Check launcher:	C:\Program Files (x86)\Common Files\Oracle\Java\javapath\bin\javaw.exe (not found)
Check launcher:	C:\Program Files (x86)\Common Files\Intel\Shared Libraries\redist\intel64_win\compiler\bin\javaw.exe (not found)
Check launcher:	C:\WINDOWS\system32\bin\javaw.exe (not found)
Check launcher:	C:\WINDOWS\bin\javaw.exe (not found)
Check launcher:	C:\WINDOWS\System32\Wbem\bin\javaw.exe (not found)
Check launcher:	C:\WINDOWS\System32\WindowsPowerShell\v1.0\bin\javaw.exe (not found)
Check launcher:	C:\WINDOWS\System32\OpenSSH\bin\javaw.exe (not found)
Check launcher:	C:\Program Files\dotnet\bin\javaw.exe (not found)
Check launcher:	C:\Program Files\Cryptowatch Desktop\bin\javaw.exe (not found)
Check launcher:	C:\Program Files\nodejs\bin\javaw.exe (not found)
Check launcher:	C:\Program Files (x86)\Touch Portal\plugins\adb\platform-tools\bin\javaw.exe (not found)
Check launcher:	C:\cygwin64\bin\javaw.exe (not found)
Check launcher:	C:\Program Files\Git\cmd\bin\javaw.exe (not found)
Check launcher:	C:\Users\damia\.config\herd\bin\nvm\bin\javaw.exe (not found)
Check launcher:	C:\Program Files\nodejs\bin\javaw.exe (not found)
Check launcher:	C:\Users\damia\.config\herd\bin\javaw.exe (not found)
Check launcher:	C:\Users\damia\AppData\Local\Microsoft\WindowsApps\bin\javaw.exe (not found)
Check launcher:	C:\msys64\mingw64\bin\javaw.exe (not found)
Check launcher:	C:\Users\damia\AppData\Roaming\npm\bin\javaw.exe (not found)
Check launcher:	C:\Users\damia\AppData\Local\Programs\Microsoft VS Code\bin\javaw.exe (not found)
Check launcher:	C:\cygwin64\bin\javaw.exe (not found)
Check launcher:	C:\Program Files\JetBrains\PhpStorm 2024.1.2\bin\javaw.exe (not found)
Check launcher:	C:\Program Files\Java\jdk-21\bin\javaw.exe (OK)
Version string: 1.021.000_001 / 64-Bit (OK)
Launcher:	C:\Program Files\Java\jdk-21\bin\javaw.exe
Launcher args:	-jar "C:\Users\damia\Desktop\snake\Snake.exe"
Args length:	45/32768 chars
Exit code:	0
